# JRE version: OpenJDK Runtime Environment Temurin-21.0.11+10 (21.0.11+10) (build 21.0.11+10-LTS)
# Java VM: OpenJDK 64-Bit Server VM Temurin-21.0.11+10 (21.0.11+10-LTS, mixed mode, sharing, tiered, compressed oops, compressed class ptrs, parallel gc, windows-amd64)
GC Precious Log:
 CardTable entry size: 512
 CPUs: 12 total, 12 available
 Memory: 7521M
 Large Page Support: Disabled
 NUMA Support: Disabled
 Compressed Oops: Enabled (32-bit)
 Alignments: Space 512K, Generation 512K, Heap 2M
 Heap Min Capacity: 100M
 Heap Initial Capacity: 100M
 Heap Max Capacity: 2G
 Pre-touch: Disabled
 Parallel Workers: 10
Heap:
 PSYoungGen      total 7680K, used 1035K [0x00000000d5580000, 0x00000000d5f00000, 0x0000000100000000)
  eden space 7168K, 9% used [0x00000000d5580000,0x00000000d562ae38,0x00000000d5c80000)
  from space 512K, 68% used [0x00000000d5e80000,0x00000000d5ed8000,0x00000000d5f00000)
  to   space 512K, 0% used [0x00000000d5e00000,0x00000000d5e00000,0x00000000d5e80000)
 ParOldGen       total 465408K, used 180324K [0x0000000080000000, 0x000000009c680000, 0x00000000d5580000)
  object space 465408K, 38% used [0x0000000080000000,0x000000008b0192f0,0x000000009c680000)
 Metaspace       used 91339K, committed 92928K, reserved 1179648K
  class space    used 10231K, committed 11008K, reserved 1048576K
GC Heap History (20 events):
Event: 83002.309 GC heap before
{Heap before GC invocations=1573 (full 5):
 PSYoungGen      total 8192K, used 7584K [0x00000000d5580000, 0x00000000d5f80000, 0x0000000100000000)
  eden space 7168K, 100% used [0x00000000d5580000,0x00000000d5c80000,0x00000000d5c80000)
  from space 1024K, 40% used [0x00000000d5d80000,0x00000000d5de8000,0x00000000d5e80000)
  to   space 512K, 0% used [0x00000000d5f00000,0x00000000d5f00000,0x00000000d5f80000)
 ParOldGen       total 465408K, used 179025K [0x0000000080000000, 0x000000009c680000, 0x00000000d5580000)
  object space 465408K, 38% used [0x0000000080000000,0x000000008aed4590,0x000000009c680000)
 Metaspace       used 91294K, committed 92864K, reserved 1179648K
  class space    used 10231K, committed 11008K, reserved 1048576K
}
Event: 83002.407 GC heap after
{Heap after GC invocations=1573 (full 5):
 PSYoungGen      total 7680K, used 384K [0x00000000d5580000, 0x00000000d5f80000, 0x0000000100000000)
  eden space 7168K, 0% used [0x00000000d5580000,0x00000000d5580000,0x00000000d5c80000)
  from space 512K, 75% used [0x00000000d5f00000,0x00000000d5f60000,0x00000000d5f80000)
  to   space 512K, 0% used [0x00000000d5e80000,0x00000000d5e80000,0x00000000d5f00000)
 ParOldGen       total 465408K, used 179065K [0x0000000080000000, 0x000000009c680000, 0x00000000d5580000)
  object space 465408K, 38% used [0x0000000080000000,0x000000008aede590,0x000000009c680000)
 Metaspace       used 91294K, committed 92864K, reserved 1179648K
  class space    used 10231K, committed 11008K, reserved 1048576K
}
Event: 83003.349 GC heap before
{Heap before GC invocations=1574 (full 5):
 PSYoungGen      total 7680K, used 7552K [0x00000000d5580000, 0x00000000d5f80000, 0x0000000100000000)
  eden space 7168K, 100% used [0x00000000d5580000,0x00000000d5c80000,0x00000000d5c80000)
  from space 512K, 75% used [0x00000000d5f00000,0x00000000d5f60000,0x00000000d5f80000)
  to   space 512K, 0% used [0x00000000d5e80000,0x00000000d5e80000,0x00000000d5f00000)
 ParOldGen       total 465408K, used 179065K [0x0000000080000000, 0x000000009c680000, 0x00000000d5580000)
  object space 465408K, 38% used [0x0000000080000000,0x000000008aede590,0x000000009c680000)
 Metaspace       used 91307K, committed 92864K, reserved 1179648K
  class space    used 10231K, committed 11008K, reserved 1048576K
}
Event: 83003.356 GC heap after
{Heap after GC invocations=1574 (full 5):
 PSYoungGen      total 7680K, used 384K [0x00000000d5580000, 0x00000000d5f80000, 0x0000000100000000)
  eden space 7168K, 0% used [0x00000000d5580000,0x00000000d5580000,0x00000000d5c80000)
  from space 512K, 75% used [0x00000000d5e80000,0x00000000d5ee0000,0x00000000d5f00000)
  to   space 512K, 0% used [0x00000000d5f00000,0x00000000d5f00000,0x00000000d5f80000)
 ParOldGen       total 465408K, used 179201K [0x0000000080000000, 0x000000009c680000, 0x00000000d5580000)
  object space 465408K, 38% used [0x0000000080000000,0x000000008af00590,0x000000009c680000)
 Metaspace       used 91307K, committed 92864K, reserved 1179648K
  class space    used 10231K, committed 11008K, reserved 1048576K
}
Event: 83107.958 GC heap before
{Heap before GC invocations=1575 (full 5):
 PSYoungGen      total 7680K, used 7552K [0x00000000d5580000, 0x00000000d5f80000, 0x0000000100000000)
  eden space 7168K, 100% used [0x00000000d5580000,0x00000000d5c80000,0x00000000d5c80000)
  from space 512K, 75% used [0x00000000d5e80000,0x00000000d5ee0000,0x00000000d5f00000)
  to   space 512K, 0% used [0x00000000d5f00000,0x00000000d5f00000,0x00000000d5f80000)
 ParOldGen       total 465408K, used 179201K [0x0000000080000000, 0x000000009c680000, 0x00000000d5580000)
  object space 465408K, 38% used [0x0000000080000000,0x000000008af00590,0x000000009c680000)
 Metaspace       used 91314K, committed 92864K, reserved 1179648K
  class space    used 10231K, committed 11008K, reserved 1048576K
}
Event: 83107.982 GC heap after
{Heap after GC invocations=1575 (full 5):
 PSYoungGen      total 7680K, used 256K [0x00000000d5580000, 0x00000000d5f80000, 0x0000000100000000)
  eden space 7168K, 0% used [0x00000000d5580000,0x00000000d5580000,0x00000000d5c80000)
  from space 512K, 50% used [0x00000000d5f00000,0x00000000d5f40000,0x00000000d5f80000)
  to   space 512K, 0% used [0x00000000d5e80000,0x00000000d5e80000,0x00000000d5f00000)
 ParOldGen       total 465408K, used 179297K [0x0000000080000000, 0x000000009c680000, 0x00000000d5580000)
  object space 465408K, 38% used [0x0000000080000000,0x000000008af18590,0x000000009c680000)
 Metaspace       used 91314K, committed 92864K, reserved 1179648K
  class space    used 10231K, committed 11008K, reserved 1048576K
}
Event: 83122.478 GC heap before
{Heap before GC invocations=1576 (full 5):
 PSYoungGen      total 7680K, used 7424K [0x00000000d5580000, 0x00000000d5f80000, 0x0000000100000000)
  eden space 7168K, 100% used [0x00000000d5580000,0x00000000d5c80000,0x00000000d5c80000)
  from space 512K, 50% used [0x00000000d5f00000,0x00000000d5f40000,0x00000000d5f80000)
  to   space 512K, 0% used [0x00000000d5e80000,0x00000000d5e80000,0x00000000d5f00000)
 ParOldGen       total 465408K, used 179297K [0x0000000080000000, 0x000000009c680000, 0x00000000d5580000)
  object space 465408K, 38% used [0x0000000080000000,0x000000008af18590,0x000000009c680000)
 Metaspace       used 91315K, committed 92864K, reserved 1179648K
  class space    used 10231K, committed 11008K, reserved 1048576K
}
Event: 83122.483 GC heap after
{Heap after GC invocations=1576 (full 5):
 PSYoungGen      total 7680K, used 416K [0x00000000d5580000, 0x00000000d5f80000, 0x0000000100000000)
  eden space 7168K, 0% used [0x00000000d5580000,0x00000000d5580000,0x00000000d5c80000)
  from space 512K, 81% used [0x00000000d5e80000,0x00000000d5ee8000,0x00000000d5f00000)
  to   space 512K, 0% used [0x00000000d5f00000,0x00000000d5f00000,0x00000000d5f80000)
 ParOldGen       total 465408K, used 179345K [0x0000000080000000, 0x000000009c680000, 0x00000000d5580000)
  object space 465408K, 38% used [0x0000000080000000,0x000000008af24590,0x000000009c680000)
 Metaspace       used 91315K, committed 92864K, reserved 1179648K
  class space    used 10231K, committed 11008K, reserved 1048576K
}
Event: 83122.668 GC heap before
{Heap before GC invocations=1577 (full 5):
 PSYoungGen      total 7680K, used 7584K [0x00000000d5580000, 0x00000000d5f80000, 0x0000000100000000)
  eden space 7168K, 100% used [0x00000000d5580000,0x00000000d5c80000,0x00000000d5c80000)
  from space 512K, 81% used [0x00000000d5e80000,0x00000000d5ee8000,0x00000000d5f00000)
  to   space 512K, 0% used [0x00000000d5f00000,0x00000000d5f00000,0x00000000d5f80000)
 ParOldGen       total 465408K, used 179345K [0x0000000080000000, 0x000000009c680000, 0x00000000d5580000)
  object space 465408K, 38% used [0x0000000080000000,0x000000008af24590,0x000000009c680000)
 Metaspace       used 91315K, committed 92864K, reserved 1179648K
  class space    used 10231K, committed 11008K, reserved 1048576K
}
Event: 83122.673 GC heap after
{Heap after GC invocations=1577 (full 5):
 PSYoungGen      total 7680K, used 512K [0x00000000d5580000, 0x00000000d5f80000, 0x0000000100000000)
  eden space 7168K, 0% used [0x00000000d5580000,0x00000000d5580000,0x00000000d5c80000)
  from space 512K, 100% used [0x00000000d5f00000,0x00000000d5f80000,0x00000000d5f80000)
  to   space 1024K, 0% used [0x00000000d5d80000,0x00000000d5d80000,0x00000000d5e80000)
 ParOldGen       total 465408K, used 179581K [0x0000000080000000, 0x000000009c680000, 0x00000000d5580000)
  object space 465408K, 38% used [0x0000000080000000,0x000000008af5f5a0,0x000000009c680000)
 Metaspace       used 91315K, committed 92864K, reserved 1179648K
  class space    used 10231K, committed 11008K, reserved 1048576K
}
Event: 83237.322 GC heap before
{Heap before GC invocations=1578 (full 5):
 PSYoungGen      total 7680K, used 7680K [0x00000000d5580000, 0x00000000d5f80000, 0x0000000100000000)
  eden space 7168K, 100% used [0x00000000d5580000,0x00000000d5c80000,0x00000000d5c80000)
  from space 512K, 100% used [0x00000000d5f00000,0x00000000d5f80000,0x00000000d5f80000)
  to   space 1024K, 0% used [0x00000000d5d80000,0x00000000d5d80000,0x00000000d5e80000)
 ParOldGen       total 465408K, used 179581K [0x0000000080000000, 0x000000009c680000, 0x00000000d5580000)
  object space 465408K, 38% used [0x0000000080000000,0x000000008af5f5a0,0x000000009c680000)
 Metaspace       used 91316K, committed 92864K, reserved 1179648K
  class space    used 10231K, committed 11008K, reserved 1048576K
}
Event: 83237.360 GC heap after
{Heap after GC invocations=1578 (full 5):
 PSYoungGen      total 8192K, used 480K [0x00000000d5580000, 0x00000000d5f80000, 0x0000000100000000)
  eden space 7168K, 0% used [0x00000000d5580000,0x00000000d5580000,0x00000000d5c80000)
  from space 1024K, 46% used [0x00000000d5d80000,0x00000000d5df8000,0x00000000d5e80000)
  to   space 1024K, 0% used [0x00000000d5e80000,0x00000000d5e80000,0x00000000d5f80000)
 ParOldGen       total 465408K, used 179661K [0x0000000080000000, 0x000000009c680000, 0x00000000d5580000)
  object space 465408K, 38% used [0x0000000080000000,0x000000008af735a0,0x000000009c680000)
 Metaspace       used 91316K, committed 92864K, reserved 1179648K
  class space    used 10231K, committed 11008K, reserved 1048576K
}
Event: 83237.637 GC heap before
{Heap before GC invocations=1579 (full 5):
 PSYoungGen      total 8192K, used 7648K [0x00000000d5580000, 0x00000000d5f80000, 0x0000000100000000)
  eden space 7168K, 100% used [0x00000000d5580000,0x00000000d5c80000,0x00000000d5c80000)
  from space 1024K, 46% used [0x00000000d5d80000,0x00000000d5df8000,0x00000000d5e80000)
  to   space 1024K, 0% used [0x00000000d5e80000,0x00000000d5e80000,0x00000000d5f80000)
 ParOldGen       total 465408K, used 179661K [0x0000000080000000, 0x000000009c680000, 0x00000000d5580000)
  object space 465408K, 38% used [0x0000000080000000,0x000000008af735a0,0x000000009c680000)
 Metaspace       used 91317K, committed 92864K, reserved 1179648K
  class space    used 10231K, committed 11008K, reserved 1048576K
}
Event: 83237.639 GC heap after
{Heap after GC invocations=1579 (full 5):
 PSYoungGen      total 8192K, used 544K [0x00000000d5580000, 0x00000000d5f80000, 0x0000000100000000)
  eden space 7168K, 0% used [0x00000000d5580000,0x00000000d5580000,0x00000000d5c80000)
  from space 1024K, 53% used [0x00000000d5e80000,0x00000000d5f08000,0x00000000d5f80000)
  to   space 1024K, 0% used [0x00000000d5d80000,0x00000000d5d80000,0x00000000d5e80000)
 ParOldGen       total 465408K, used 179880K [0x0000000080000000, 0x000000009c680000, 0x00000000d5580000)
  object space 465408K, 38% used [0x0000000080000000,0x000000008afaa2b0,0x000000009c680000)
 Metaspace       used 91317K, committed 92864K, reserved 1179648K
  class space    used 10231K, committed 11008K, reserved 1048576K
}
Event: 83358.590 GC heap before
{Heap before GC invocations=1580 (full 5):
 PSYoungGen      total 8192K, used 7711K [0x00000000d5580000, 0x00000000d5f80000, 0x0000000100000000)
  eden space 7168K, 99% used [0x00000000d5580000,0x00000000d5c7fff0,0x00000000d5c80000)
  from space 1024K, 53% used [0x00000000d5e80000,0x00000000d5f08000,0x00000000d5f80000)
  to   space 1024K, 0% used [0x00000000d5d80000,0x00000000d5d80000,0x00000000d5e80000)
 ParOldGen       total 465408K, used 179880K [0x0000000080000000, 0x000000009c680000, 0x00000000d5580000)
  object space 465408K, 38% used [0x0000000080000000,0x000000008afaa2b0,0x000000009c680000)
 Metaspace       used 91317K, committed 92864K, reserved 1179648K
  class space    used 10231K, committed 11008K, reserved 1048576K
}
Event: 83358.636 GC heap after
{Heap after GC invocations=1580 (full 5):
 PSYoungGen      total 8192K, used 512K [0x00000000d5580000, 0x00000000d5f00000, 0x0000000100000000)
  eden space 7168K, 0% used [0x00000000d5580000,0x00000000d5580000,0x00000000d5c80000)
  from space 1024K, 50% used [0x00000000d5d80000,0x00000000d5e00040,0x00000000d5e80000)
  to   space 512K, 0% used [0x00000000d5e80000,0x00000000d5e80000,0x00000000d5f00000)
 ParOldGen       total 465408K, used 179936K [0x0000000080000000, 0x000000009c680000, 0x00000000d5580000)
  object space 465408K, 38% used [0x0000000080000000,0x000000008afb82b0,0x000000009c680000)
 Metaspace       used 91317K, committed 92864K, reserved 1179648K
  class space    used 10231K, committed 11008K, reserved 1048576K
}
Event: 83359.237 GC heap before
{Heap before GC invocations=1581 (full 5):
 PSYoungGen      total 8192K, used 7680K [0x00000000d5580000, 0x00000000d5f00000, 0x0000000100000000)
  eden space 7168K, 100% used [0x00000000d5580000,0x00000000d5c80000,0x00000000d5c80000)
  from space 1024K, 50% used [0x00000000d5d80000,0x00000000d5e00040,0x00000000d5e80000)
  to   space 512K, 0% used [0x00000000d5e80000,0x00000000d5e80000,0x00000000d5f00000)
 ParOldGen       total 465408K, used 179936K [0x0000000080000000, 0x000000009c680000, 0x00000000d5580000)
  object space 465408K, 38% used [0x0000000080000000,0x000000008afb82b0,0x000000009c680000)
 Metaspace       used 91317K, committed 92864K, reserved 1179648K
  class space    used 10231K, committed 11008K, reserved 1048576K
}
Event: 83359.253 GC heap after
{Heap after GC invocations=1581 (full 5):
 PSYoungGen      total 7680K, used 384K [0x00000000d5580000, 0x00000000d5f00000, 0x0000000100000000)
  eden space 7168K, 0% used [0x00000000d5580000,0x00000000d5580000,0x00000000d5c80000)
  from space 512K, 75% used [0x00000000d5e80000,0x00000000d5ee0000,0x00000000d5f00000)
  to   space 512K, 0% used [0x00000000d5e00000,0x00000000d5e00000,0x00000000d5e80000)
 ParOldGen       total 465408K, used 180152K [0x0000000080000000, 0x000000009c680000, 0x00000000d5580000)
  object space 465408K, 38% used [0x0000000080000000,0x000000008afee2e0,0x000000009c680000)
 Metaspace       used 91317K, committed 92864K, reserved 1179648K
  class space    used 10231K, committed 11008K, reserved 1048576K
}
Event: 83505.905 GC heap before
{Heap before GC invocations=1582 (full 5):
 PSYoungGen      total 7680K, used 7552K [0x00000000d5580000, 0x00000000d5f00000, 0x0000000100000000)
  eden space 7168K, 100% used [0x00000000d5580000,0x00000000d5c80000,0x00000000d5c80000)
  from space 512K, 75% used [0x00000000d5e80000,0x00000000d5ee0000,0x00000000d5f00000)
  to   space 512K, 0% used [0x00000000d5e00000,0x00000000d5e00000,0x00000000d5e80000)
 ParOldGen       total 465408K, used 180152K [0x0000000080000000, 0x000000009c680000, 0x00000000d5580000)
  object space 465408K, 38% used [0x0000000080000000,0x000000008afee2e0,0x000000009c680000)
 Metaspace       used 91333K, committed 92928K, reserved 1179648K
  class space    used 10231K, committed 11008K, reserved 1048576K
}
Event: 83505.965 GC heap after
{Heap after GC invocations=1582 (full 5):
 PSYoungGen      total 7680K, used 256K [0x00000000d5580000, 0x00000000d5f00000, 0x0000000100000000)
  eden space 7168K, 0% used [0x00000000d5580000,0x00000000d5580000,0x00000000d5c80000)
  from space 512K, 50% used [0x00000000d5e00000,0x00000000d5e40000,0x00000000d5e80000)
  to   space 512K, 0% used [0x00000000d5e80000,0x00000000d5e80000,0x00000000d5f00000)
 ParOldGen       total 465408K, used 180252K [0x0000000080000000, 0x000000009c680000, 0x00000000d5580000)
  object space 465408K, 38% used [0x0000000080000000,0x000000008b0072f0,0x000000009c680000)
 Metaspace       used 91333K, committed 92928K, reserved 1179648K
  class space    used 10231K, committed 11008K, reserved 1048576K
}

