# JRE version: Java(TM) SE Runtime Environment (17.0.12+8) (build 17.0.12+8-LTS-286)
# Java VM: Java HotSpot(TM) 64-Bit Server VM (17.0.12+8-LTS-286, mixed mode, emulated-client, sharing, tiered, compressed oops, compressed class ptrs, g1 gc, windows-amd64)
GC Precious Log:
 CPUs: 12 total, 12 available
 Memory: 7860M
 Large Page Support: Disabled
 NUMA Support: Disabled
 Compressed Oops: Enabled (32-bit)
 Heap Region Size: 1M
 Heap Min Capacity: 8M
 Heap Initial Capacity: 124M
 Heap Max Capacity: 1966M
 Pre-touch: Disabled
 Parallel Workers: 10
 Concurrent Workers: 3
 Concurrent Refinement Workers: 10
 Periodic GC: Disabled
Heap:
 garbage-first heap   total 352256K, used 270803K [0x0000000085200000, 0x0000000100000000)
  region size 1024K, 75 young (76800K), 2 survivors (2048K)
 Metaspace       used 132624K, committed 133568K, reserved 1179648K
  class space    used 16818K, committed 17280K, reserved 1048576K
GC Heap History (20 events):
Event: 153385.069 GC heap before
{Heap before GC invocations=207 (full 1):
 garbage-first heap   total 352256K, used 309034K [0x0000000085200000, 0x0000000100000000)
  region size 1024K, 111 young (113664K), 1 survivors (1024K)
 Metaspace       used 132621K, committed 133568K, reserved 1179648K
  class space    used 16818K, committed 17280K, reserved 1048576K
}
Event: 153385.118 GC heap after
{Heap after GC invocations=208 (full 1):
 garbage-first heap   total 352256K, used 196410K [0x0000000085200000, 0x0000000100000000)
  region size 1024K, 1 young (1024K), 1 survivors (1024K)
 Metaspace       used 132621K, committed 133568K, reserved 1179648K
  class space    used 16818K, committed 17280K, reserved 1048576K
}
Event: 153451.779 GC heap before
{Heap before GC invocations=208 (full 1):
 garbage-first heap   total 352256K, used 309050K [0x0000000085200000, 0x0000000100000000)
  region size 1024K, 111 young (113664K), 1 survivors (1024K)
 Metaspace       used 132621K, committed 133568K, reserved 1179648K
  class space    used 16818K, committed 17280K, reserved 1048576K
}
Event: 153451.870 GC heap after
{Heap after GC invocations=209 (full 1):
 garbage-first heap   total 352256K, used 196408K [0x0000000085200000, 0x0000000100000000)
  region size 1024K, 1 young (1024K), 1 survivors (1024K)
 Metaspace       used 132621K, committed 133568K, reserved 1179648K
  class space    used 16818K, committed 17280K, reserved 1048576K
}
Event: 153516.843 GC heap before
{Heap before GC invocations=209 (full 1):
 garbage-first heap   total 352256K, used 308024K [0x0000000085200000, 0x0000000100000000)
  region size 1024K, 110 young (112640K), 1 survivors (1024K)
 Metaspace       used 132621K, committed 133568K, reserved 1179648K
  class space    used 16818K, committed 17280K, reserved 1048576K
}
Event: 153516.849 GC heap after
{Heap after GC invocations=210 (full 1):
 garbage-first heap   total 352256K, used 196496K [0x0000000085200000, 0x0000000100000000)
  region size 1024K, 1 young (1024K), 1 survivors (1024K)
 Metaspace       used 132621K, committed 133568K, reserved 1179648K
  class space    used 16818K, committed 17280K, reserved 1048576K
}
Event: 153583.512 GC heap before
{Heap before GC invocations=210 (full 1):
 garbage-first heap   total 352256K, used 308112K [0x0000000085200000, 0x0000000100000000)
  region size 1024K, 110 young (112640K), 1 survivors (1024K)
 Metaspace       used 132621K, committed 133568K, reserved 1179648K
  class space    used 16818K, committed 17280K, reserved 1048576K
}
Event: 153583.553 GC heap after
{Heap after GC invocations=211 (full 1):
 garbage-first heap   total 352256K, used 196523K [0x0000000085200000, 0x0000000100000000)
  region size 1024K, 1 young (1024K), 1 survivors (1024K)
 Metaspace       used 132621K, committed 133568K, reserved 1179648K
  class space    used 16818K, committed 17280K, reserved 1048576K
}
Event: 153651.019 GC heap before
{Heap before GC invocations=211 (full 1):
 garbage-first heap   total 352256K, used 308139K [0x0000000085200000, 0x0000000100000000)
  region size 1024K, 110 young (112640K), 1 survivors (1024K)
 Metaspace       used 132621K, committed 133568K, reserved 1179648K
  class space    used 16818K, committed 17280K, reserved 1048576K
}
Event: 153651.063 GC heap after
{Heap after GC invocations=212 (full 1):
 garbage-first heap   total 352256K, used 195969K [0x0000000085200000, 0x0000000100000000)
  region size 1024K, 1 young (1024K), 1 survivors (1024K)
 Metaspace       used 132621K, committed 133568K, reserved 1179648K
  class space    used 16818K, committed 17280K, reserved 1048576K
}
Event: 153716.519 GC heap before
{Heap before GC invocations=212 (full 1):
 garbage-first heap   total 352256K, used 307585K [0x0000000085200000, 0x0000000100000000)
  region size 1024K, 110 young (112640K), 1 survivors (1024K)
 Metaspace       used 132621K, committed 133568K, reserved 1179648K
  class space    used 16818K, committed 17280K, reserved 1048576K
}
Event: 153716.526 GC heap after
{Heap after GC invocations=213 (full 1):
 garbage-first heap   total 352256K, used 196718K [0x0000000085200000, 0x0000000100000000)
  region size 1024K, 1 young (1024K), 1 survivors (1024K)
 Metaspace       used 132621K, committed 133568K, reserved 1179648K
  class space    used 16818K, committed 17280K, reserved 1048576K
}
Event: 153783.270 GC heap before
{Heap before GC invocations=213 (full 1):
 garbage-first heap   total 352256K, used 308334K [0x0000000085200000, 0x0000000100000000)
  region size 1024K, 110 young (112640K), 1 survivors (1024K)
 Metaspace       used 132621K, committed 133568K, reserved 1179648K
  class space    used 16818K, committed 17280K, reserved 1048576K
}
Event: 153783.317 GC heap after
{Heap after GC invocations=214 (full 1):
 garbage-first heap   total 352256K, used 197077K [0x0000000085200000, 0x0000000100000000)
  region size 1024K, 2 young (2048K), 2 survivors (2048K)
 Metaspace       used 132621K, committed 133568K, reserved 1179648K
  class space    used 16818K, committed 17280K, reserved 1048576K
}
Event: 153848.856 GC heap before
{Heap before GC invocations=214 (full 1):
 garbage-first heap   total 352256K, used 307669K [0x0000000085200000, 0x0000000100000000)
  region size 1024K, 110 young (112640K), 2 survivors (2048K)
 Metaspace       used 132621K, committed 133568K, reserved 1179648K
  class space    used 16818K, committed 17280K, reserved 1048576K
}
Event: 153848.901 GC heap after
{Heap after GC invocations=215 (full 1):
 garbage-first heap   total 352256K, used 196877K [0x0000000085200000, 0x0000000100000000)
  region size 1024K, 1 young (1024K), 1 survivors (1024K)
 Metaspace       used 132621K, committed 133568K, reserved 1179648K
  class space    used 16818K, committed 17280K, reserved 1048576K
}
Event: 153915.378 GC heap before
{Heap before GC invocations=215 (full 1):
 garbage-first heap   total 352256K, used 308493K [0x0000000085200000, 0x0000000100000000)
  region size 1024K, 110 young (112640K), 1 survivors (1024K)
 Metaspace       used 132621K, committed 133568K, reserved 1179648K
  class space    used 16818K, committed 17280K, reserved 1048576K
}
Event: 153915.391 GC heap after
{Heap after GC invocations=216 (full 1):
 garbage-first heap   total 352256K, used 197129K [0x0000000085200000, 0x0000000100000000)
  region size 1024K, 2 young (2048K), 2 survivors (2048K)
 Metaspace       used 132621K, committed 133568K, reserved 1179648K
  class space    used 16818K, committed 17280K, reserved 1048576K
}
Event: 153982.923 GC heap before
{Heap before GC invocations=216 (full 1):
 garbage-first heap   total 352256K, used 307721K [0x0000000085200000, 0x0000000100000000)
  region size 1024K, 110 young (112640K), 2 survivors (2048K)
 Metaspace       used 132621K, committed 133568K, reserved 1179648K
  class space    used 16818K, committed 17280K, reserved 1048576K
}
Event: 153982.994 GC heap after
{Heap after GC invocations=217 (full 1):
 garbage-first heap   total 352256K, used 197075K [0x0000000085200000, 0x0000000100000000)
  region size 1024K, 2 young (2048K), 2 survivors (2048K)
 Metaspace       used 132621K, committed 133568K, reserved 1179648K
  class space    used 16818K, committed 17280K, reserved 1048576K
}

