# JRE version: OpenJDK Runtime Environment Temurin-21.0.11+10 (21.0.11+10) (build 21.0.11+10-LTS)
# Java VM: OpenJDK 64-Bit Server VM Temurin-21.0.11+10 (21.0.11+10-LTS, mixed mode, sharing, tiered, compressed oops, compressed class ptrs, parallel gc, windows-amd64)
GC Precious Log:
 CardTable entry size: 512
 CPUs: 12 total, 12 available
 Memory: 7521M
 Large Page Support: Disabled
 NUMA Support: Disabled
 Compressed Oops: Enabled (32-bit)
 Alignments: Space 512K, Generation 512K, Heap 2M
 Heap Min Capacity: 100M
 Heap Initial Capacity: 100M
 Heap Max Capacity: 2G
 Pre-touch: Disabled
 Parallel Workers: 10
Heap:
 PSYoungGen      total 17408K, used 5494K [0x00000000d5580000, 0x00000000d7100000, 0x0000000100000000)
  eden space 16896K, 30% used [0x00000000d5580000,0x00000000d5a8d928,0x00000000d6600000)
  from space 512K, 62% used [0x00000000d7080000,0x00000000d70d0000,0x00000000d7100000)
  to   space 512K, 0% used [0x00000000d7000000,0x00000000d7000000,0x00000000d7080000)
 ParOldGen       total 709632K, used 603998K [0x0000000080000000, 0x00000000ab500000, 0x00000000d5580000)
  object space 709632K, 85% used [0x0000000080000000,0x00000000a4dd7b00,0x00000000ab500000)
 Metaspace       used 97345K, committed 99264K, reserved 1179648K
  class space    used 10857K, committed 11776K, reserved 1048576K
GC Heap History (20 events):
Event: 4389.868 GC heap before
{Heap before GC invocations=1732 (full 5):
 PSYoungGen      total 21504K, used 21120K [0x00000000d5580000, 0x00000000d6e80000, 0x0000000100000000)
  eden space 18432K, 100% used [0x00000000d5580000,0x00000000d6780000,0x00000000d6780000)
  from space 3072K, 87% used [0x00000000d6b80000,0x00000000d6e20060,0x00000000d6e80000)
  to   space 3072K, 0% used [0x00000000d6880000,0x00000000d6880000,0x00000000d6b80000)
 ParOldGen       total 709632K, used 589558K [0x0000000080000000, 0x00000000ab500000, 0x00000000d5580000)
  object space 709632K, 83% used [0x0000000080000000,0x00000000a3fbda30,0x00000000ab500000)
 Metaspace       used 97282K, committed 99264K, reserved 1179648K
  class space    used 10857K, committed 11776K, reserved 1048576K
}
Event: 4389.877 GC heap after
{Heap after GC invocations=1732 (full 5):
 PSYoungGen      total 21504K, used 2976K [0x00000000d5580000, 0x00000000d6d80000, 0x0000000100000000)
  eden space 18432K, 0% used [0x00000000d5580000,0x00000000d5580000,0x00000000d6780000)
  from space 3072K, 96% used [0x00000000d6880000,0x00000000d6b68060,0x00000000d6b80000)
  to   space 2048K, 0% used [0x00000000d6b80000,0x00000000d6b80000,0x00000000d6d80000)
 ParOldGen       total 709632K, used 592026K [0x0000000080000000, 0x00000000ab500000, 0x00000000d5580000)
  object space 709632K, 83% used [0x0000000080000000,0x00000000a4226b40,0x00000000ab500000)
 Metaspace       used 97282K, committed 99264K, reserved 1179648K
  class space    used 10857K, committed 11776K, reserved 1048576K
}
Event: 4389.969 GC heap before
{Heap before GC invocations=1733 (full 5):
 PSYoungGen      total 21504K, used 21408K [0x00000000d5580000, 0x00000000d6d80000, 0x0000000100000000)
  eden space 18432K, 100% used [0x00000000d5580000,0x00000000d6780000,0x00000000d6780000)
  from space 3072K, 96% used [0x00000000d6880000,0x00000000d6b68060,0x00000000d6b80000)
  to   space 2048K, 0% used [0x00000000d6b80000,0x00000000d6b80000,0x00000000d6d80000)
 ParOldGen       total 709632K, used 592026K [0x0000000080000000, 0x00000000ab500000, 0x00000000d5580000)
  object space 709632K, 83% used [0x0000000080000000,0x00000000a4226b40,0x00000000ab500000)
 Metaspace       used 97286K, committed 99264K, reserved 1179648K
  class space    used 10857K, committed 11776K, reserved 1048576K
}
Event: 4389.981 GC heap after
{Heap after GC invocations=1733 (full 5):
 PSYoungGen      total 18944K, used 2016K [0x00000000d5580000, 0x00000000d7280000, 0x0000000100000000)
  eden space 16896K, 0% used [0x00000000d5580000,0x00000000d5580000,0x00000000d6600000)
  from space 2048K, 98% used [0x00000000d6b80000,0x00000000d6d78020,0x00000000d6d80000)
  to   space 5632K, 0% used [0x00000000d6600000,0x00000000d6600000,0x00000000d6b80000)
 ParOldGen       total 709632K, used 594903K [0x0000000080000000, 0x00000000ab500000, 0x00000000d5580000)
  object space 709632K, 83% used [0x0000000080000000,0x00000000a44f5cb0,0x00000000ab500000)
 Metaspace       used 97286K, committed 99264K, reserved 1179648K
  class space    used 10857K, committed 11776K, reserved 1048576K
}
Event: 4390.172 GC heap before
{Heap before GC invocations=1734 (full 5):
 PSYoungGen      total 18944K, used 18904K [0x00000000d5580000, 0x00000000d7280000, 0x0000000100000000)
  eden space 16896K, 99% used [0x00000000d5580000,0x00000000d65fe260,0x00000000d6600000)
  from space 2048K, 98% used [0x00000000d6b80000,0x00000000d6d78020,0x00000000d6d80000)
  to   space 5632K, 0% used [0x00000000d6600000,0x00000000d6600000,0x00000000d6b80000)
 ParOldGen       total 709632K, used 594903K [0x0000000080000000, 0x00000000ab500000, 0x00000000d5580000)
  object space 709632K, 83% used [0x0000000080000000,0x00000000a44f5cb0,0x00000000ab500000)
 Metaspace       used 97287K, committed 99264K, reserved 1179648K
  class space    used 10857K, committed 11776K, reserved 1048576K
}
Event: 4390.191 GC heap after
{Heap after GC invocations=1734 (full 5):
 PSYoungGen      total 22528K, used 5622K [0x00000000d5580000, 0x00000000d7f00000, 0x0000000100000000)
  eden space 16896K, 0% used [0x00000000d5580000,0x00000000d5580000,0x00000000d6600000)
  from space 5632K, 99% used [0x00000000d6600000,0x00000000d6b7d8a8,0x00000000d6b80000)
  to   space 12800K, 0% used [0x00000000d7280000,0x00000000d7280000,0x00000000d7f00000)
 ParOldGen       total 709632K, used 600575K [0x0000000080000000, 0x00000000ab500000, 0x00000000d5580000)
  object space 709632K, 84% used [0x0000000080000000,0x00000000a4a7fc88,0x00000000ab500000)
 Metaspace       used 97287K, committed 99264K, reserved 1179648K
  class space    used 10857K, committed 11776K, reserved 1048576K
}
Event: 4391.679 GC heap before
{Heap before GC invocations=1735 (full 5):
 PSYoungGen      total 22528K, used 22518K [0x00000000d5580000, 0x00000000d7f00000, 0x0000000100000000)
  eden space 16896K, 100% used [0x00000000d5580000,0x00000000d6600000,0x00000000d6600000)
  from space 5632K, 99% used [0x00000000d6600000,0x00000000d6b7d8a8,0x00000000d6b80000)
  to   space 12800K, 0% used [0x00000000d7280000,0x00000000d7280000,0x00000000d7f00000)
 ParOldGen       total 709632K, used 600575K [0x0000000080000000, 0x00000000ab500000, 0x00000000d5580000)
  object space 709632K, 84% used [0x0000000080000000,0x00000000a4a7fc88,0x00000000ab500000)
 Metaspace       used 97296K, committed 99264K, reserved 1179648K
  class space    used 10857K, committed 11776K, reserved 1048576K
}
Event: 4391.741 GC heap after
{Heap after GC invocations=1735 (full 5):
 PSYoungGen      total 18944K, used 1960K [0x00000000d5580000, 0x00000000d7480000, 0x0000000100000000)
  eden space 16896K, 0% used [0x00000000d5580000,0x00000000d5580000,0x00000000d6600000)
  from space 2048K, 95% used [0x00000000d7280000,0x00000000d746a058,0x00000000d7480000)
  to   space 5632K, 0% used [0x00000000d6980000,0x00000000d6980000,0x00000000d6f00000)
 ParOldGen       total 709632K, used 600970K [0x0000000080000000, 0x00000000ab500000, 0x00000000d5580000)
  object space 709632K, 84% used [0x0000000080000000,0x00000000a4ae2a60,0x00000000ab500000)
 Metaspace       used 97296K, committed 99264K, reserved 1179648K
  class space    used 10857K, committed 11776K, reserved 1048576K
}
Event: 4394.127 GC heap before
{Heap before GC invocations=1736 (full 5):
 PSYoungGen      total 18944K, used 18856K [0x00000000d5580000, 0x00000000d7480000, 0x0000000100000000)
  eden space 16896K, 100% used [0x00000000d5580000,0x00000000d6600000,0x00000000d6600000)
  from space 2048K, 95% used [0x00000000d7280000,0x00000000d746a058,0x00000000d7480000)
  to   space 5632K, 0% used [0x00000000d6980000,0x00000000d6980000,0x00000000d6f00000)
 ParOldGen       total 709632K, used 600970K [0x0000000080000000, 0x00000000ab500000, 0x00000000d5580000)
  object space 709632K, 84% used [0x0000000080000000,0x00000000a4ae2a60,0x00000000ab500000)
 Metaspace       used 97304K, committed 99264K, reserved 1179648K
  class space    used 10857K, committed 11776K, reserved 1048576K
}
Event: 4394.210 GC heap after
{Heap after GC invocations=1736 (full 5):
 PSYoungGen      total 22528K, used 896K [0x00000000d5580000, 0x00000000d7300000, 0x0000000100000000)
  eden space 16896K, 0% used [0x00000000d5580000,0x00000000d5580000,0x00000000d6600000)
  from space 5632K, 15% used [0x00000000d6980000,0x00000000d6a60000,0x00000000d6f00000)
  to   space 2048K, 0% used [0x00000000d7100000,0x00000000d7100000,0x00000000d7300000)
 ParOldGen       total 709632K, used 602670K [0x0000000080000000, 0x00000000ab500000, 0x00000000d5580000)
  object space 709632K, 84% used [0x0000000080000000,0x00000000a4c8b868,0x00000000ab500000)
 Metaspace       used 97304K, committed 99264K, reserved 1179648K
  class space    used 10857K, committed 11776K, reserved 1048576K
}
Event: 4586.312 GC heap before
{Heap before GC invocations=1737 (full 5):
 PSYoungGen      total 22528K, used 17792K [0x00000000d5580000, 0x00000000d7300000, 0x0000000100000000)
  eden space 16896K, 100% used [0x00000000d5580000,0x00000000d6600000,0x00000000d6600000)
  from space 5632K, 15% used [0x00000000d6980000,0x00000000d6a60000,0x00000000d6f00000)
  to   space 2048K, 0% used [0x00000000d7100000,0x00000000d7100000,0x00000000d7300000)
 ParOldGen       total 709632K, used 602670K [0x0000000080000000, 0x00000000ab500000, 0x00000000d5580000)
  object space 709632K, 84% used [0x0000000080000000,0x00000000a4c8b868,0x00000000ab500000)
 Metaspace       used 97314K, committed 99264K, reserved 1179648K
  class space    used 10857K, committed 11776K, reserved 1048576K
}
Event: 4586.584 GC heap after
{Heap after GC invocations=1737 (full 5):
 PSYoungGen      total 17920K, used 734K [0x00000000d5580000, 0x00000000d7200000, 0x0000000100000000)
  eden space 16896K, 0% used [0x00000000d5580000,0x00000000d5580000,0x00000000d6600000)
  from space 1024K, 71% used [0x00000000d7100000,0x00000000d71b7a28,0x00000000d7200000)
  to   space 1024K, 0% used [0x00000000d7000000,0x00000000d7000000,0x00000000d7100000)
 ParOldGen       total 709632K, used 603002K [0x0000000080000000, 0x00000000ab500000, 0x00000000d5580000)
  object space 709632K, 84% used [0x0000000080000000,0x00000000a4cde878,0x00000000ab500000)
 Metaspace       used 97314K, committed 99264K, reserved 1179648K
  class space    used 10857K, committed 11776K, reserved 1048576K
}
Event: 4791.886 GC heap before
{Heap before GC invocations=1738 (full 5):
 PSYoungGen      total 17920K, used 17630K [0x00000000d5580000, 0x00000000d7200000, 0x0000000100000000)
  eden space 16896K, 100% used [0x00000000d5580000,0x00000000d6600000,0x00000000d6600000)
  from space 1024K, 71% used [0x00000000d7100000,0x00000000d71b7a28,0x00000000d7200000)
  to   space 1024K, 0% used [0x00000000d7000000,0x00000000d7000000,0x00000000d7100000)
 ParOldGen       total 709632K, used 603002K [0x0000000080000000, 0x00000000ab500000, 0x00000000d5580000)
  object space 709632K, 84% used [0x0000000080000000,0x00000000a4cde878,0x00000000ab500000)
 Metaspace       used 97320K, committed 99264K, reserved 1179648K
  class space    used 10857K, committed 11776K, reserved 1048576K
}
Event: 4792.011 GC heap after
{Heap after GC invocations=1738 (full 5):
 PSYoungGen      total 17408K, used 480K [0x00000000d5580000, 0x00000000d7180000, 0x0000000100000000)
  eden space 16896K, 0% used [0x00000000d5580000,0x00000000d5580000,0x00000000d6600000)
  from space 512K, 93% used [0x00000000d7000000,0x00000000d7078000,0x00000000d7080000)
  to   space 1024K, 0% used [0x00000000d7080000,0x00000000d7080000,0x00000000d7180000)
 ParOldGen       total 709632K, used 603195K [0x0000000080000000, 0x00000000ab500000, 0x00000000d5580000)
  object space 709632K, 85% used [0x0000000080000000,0x00000000a4d0ef70,0x00000000ab500000)
 Metaspace       used 97320K, committed 99264K, reserved 1179648K
  class space    used 10857K, committed 11776K, reserved 1048576K
}
Event: 4792.307 GC heap before
{Heap before GC invocations=1739 (full 5):
 PSYoungGen      total 17408K, used 17376K [0x00000000d5580000, 0x00000000d7180000, 0x0000000100000000)
  eden space 16896K, 100% used [0x00000000d5580000,0x00000000d6600000,0x00000000d6600000)
  from space 512K, 93% used [0x00000000d7000000,0x00000000d7078000,0x00000000d7080000)
  to   space 1024K, 0% used [0x00000000d7080000,0x00000000d7080000,0x00000000d7180000)
 ParOldGen       total 709632K, used 603195K [0x0000000080000000, 0x00000000ab500000, 0x00000000d5580000)
  object space 709632K, 85% used [0x0000000080000000,0x00000000a4d0ef70,0x00000000ab500000)
 Metaspace       used 97324K, committed 99264K, reserved 1179648K
  class space    used 10857K, committed 11776K, reserved 1048576K
}
Event: 4792.310 GC heap after
{Heap after GC invocations=1739 (full 5):
 PSYoungGen      total 17920K, used 672K [0x00000000d5580000, 0x00000000d7180000, 0x0000000100000000)
  eden space 16896K, 0% used [0x00000000d5580000,0x00000000d5580000,0x00000000d6600000)
  from space 1024K, 65% used [0x00000000d7080000,0x00000000d7128000,0x00000000d7180000)
  to   space 1024K, 0% used [0x00000000d6f80000,0x00000000d6f80000,0x00000000d7080000)
 ParOldGen       total 709632K, used 603479K [0x0000000080000000, 0x00000000ab500000, 0x00000000d5580000)
  object space 709632K, 85% used [0x0000000080000000,0x00000000a4d55f80,0x00000000ab500000)
 Metaspace       used 97324K, committed 99264K, reserved 1179648K
  class space    used 10857K, committed 11776K, reserved 1048576K
}
Event: 4808.671 GC heap before
{Heap before GC invocations=1740 (full 5):
 PSYoungGen      total 17920K, used 17568K [0x00000000d5580000, 0x00000000d7180000, 0x0000000100000000)
  eden space 16896K, 100% used [0x00000000d5580000,0x00000000d6600000,0x00000000d6600000)
  from space 1024K, 65% used [0x00000000d7080000,0x00000000d7128000,0x00000000d7180000)
  to   space 1024K, 0% used [0x00000000d6f80000,0x00000000d6f80000,0x00000000d7080000)
 ParOldGen       total 709632K, used 603479K [0x0000000080000000, 0x00000000ab500000, 0x00000000d5580000)
  object space 709632K, 85% used [0x0000000080000000,0x00000000a4d55f80,0x00000000ab500000)
 Metaspace       used 97341K, committed 99264K, reserved 1179648K
  class space    used 10857K, committed 11776K, reserved 1048576K
}
Event: 4808.674 GC heap after
{Heap after GC invocations=1740 (full 5):
 PSYoungGen      total 17920K, used 576K [0x00000000d5580000, 0x00000000d7100000, 0x0000000100000000)
  eden space 16896K, 0% used [0x00000000d5580000,0x00000000d5580000,0x00000000d6600000)
  from space 1024K, 56% used [0x00000000d6f80000,0x00000000d7010000,0x00000000d7080000)
  to   space 512K, 0% used [0x00000000d7080000,0x00000000d7080000,0x00000000d7100000)
 ParOldGen       total 709632K, used 603639K [0x0000000080000000, 0x00000000ab500000, 0x00000000d5580000)
  object space 709632K, 85% used [0x0000000080000000,0x00000000a4d7df80,0x00000000ab500000)
 Metaspace       used 97341K, committed 99264K, reserved 1179648K
  class space    used 10857K, committed 11776K, reserved 1048576K
}
Event: 4820.074 GC heap before
{Heap before GC invocations=1741 (full 5):
 PSYoungGen      total 17920K, used 17472K [0x00000000d5580000, 0x00000000d7100000, 0x0000000100000000)
  eden space 16896K, 100% used [0x00000000d5580000,0x00000000d6600000,0x00000000d6600000)
  from space 1024K, 56% used [0x00000000d6f80000,0x00000000d7010000,0x00000000d7080000)
  to   space 512K, 0% used [0x00000000d7080000,0x00000000d7080000,0x00000000d7100000)
 ParOldGen       total 709632K, used 603639K [0x0000000080000000, 0x00000000ab500000, 0x00000000d5580000)
  object space 709632K, 85% used [0x0000000080000000,0x00000000a4d7df80,0x00000000ab500000)
 Metaspace       used 97341K, committed 99264K, reserved 1179648K
  class space    used 10857K, committed 11776K, reserved 1048576K
}
Event: 4820.087 GC heap after
{Heap after GC invocations=1741 (full 5):
 PSYoungGen      total 17408K, used 320K [0x00000000d5580000, 0x00000000d7100000, 0x0000000100000000)
  eden space 16896K, 0% used [0x00000000d5580000,0x00000000d5580000,0x00000000d6600000)
  from space 512K, 62% used [0x00000000d7080000,0x00000000d70d0000,0x00000000d7100000)
  to   space 512K, 0% used [0x00000000d7000000,0x00000000d7000000,0x00000000d7080000)
 ParOldGen       total 709632K, used 603998K [0x0000000080000000, 0x00000000ab500000, 0x00000000d5580000)
  object space 709632K, 85% used [0x0000000080000000,0x00000000a4dd7b00,0x00000000ab500000)
 Metaspace       used 97341K, committed 99264K, reserved 1179648K
  class space    used 10857K, committed 11776K, reserved 1048576K
}

