# JRE version: OpenJDK Runtime Environment Temurin-21.0.8+9 (21.0.8+9) (build 21.0.8+9-LTS)
# Java VM: OpenJDK 64-Bit Server VM Temurin-21.0.8+9 (21.0.8+9-LTS, mixed mode, emulated-client, sharing, tiered, compressed oops, compressed class ptrs, g1 gc, windows-amd64)
GC Precious Log:
 CardTable entry size: 512
 Card Set container configuration: InlinePtr #cards 5 size 8 Array Of Cards #cards 12 size 40 Howl #buckets 4 coarsen threshold 1843 Howl Bitmap #cards 512 size 80 coarsen threshold 460 Card regions per heap region 1 cards per card region 2048
 CPUs: 12 total, 12 available
 Memory: 7521M
 Large Page Support: Disabled
 NUMA Support: Disabled
 Compressed Oops: Enabled (32-bit)
 Heap Region Size: 1M
 Heap Min Capacity: 8M
 Heap Initial Capacity: 118M
 Heap Max Capacity: 1882M
 Pre-touch: Disabled
 Parallel Workers: 10
 Concurrent Workers: 3
 Concurrent Refinement Workers: 10
 Periodic GC: Disabled
Heap:
 garbage-first heap   total 193536K, used 134608K [0x000000008a600000, 0x0000000100000000)
  region size 1024K, 4 young (4096K), 4 survivors (4096K)
 Metaspace       used 82639K, committed 83456K, reserved 1179648K
  class space    used 11722K, committed 12096K, reserved 1048576K
GC Heap History (20 events):
Event: 30.242 GC heap after
{Heap after GC invocations=46 (full 0):
 garbage-first heap   total 125952K, used 71564K [0x000000008a600000, 0x0000000100000000)
  region size 1024K, 4 young (4096K), 4 survivors (4096K)
 Metaspace       used 79657K, committed 80448K, reserved 1179648K
  class space    used 11439K, committed 11776K, reserved 1048576K
}
Event: 30.982 GC heap before
{Heap before GC invocations=46 (full 0):
 garbage-first heap   total 125952K, used 113548K [0x000000008a600000, 0x0000000100000000)
  region size 1024K, 45 young (46080K), 4 survivors (4096K)
 Metaspace       used 81006K, committed 81792K, reserved 1179648K
  class space    used 11611K, committed 11968K, reserved 1048576K
}
Event: 30.990 GC heap after
{Heap after GC invocations=47 (full 0):
 garbage-first heap   total 125952K, used 75057K [0x000000008a600000, 0x0000000100000000)
  region size 1024K, 6 young (6144K), 6 survivors (6144K)
 Metaspace       used 81006K, committed 81792K, reserved 1179648K
  class space    used 11611K, committed 11968K, reserved 1048576K
}
Event: 31.530 GC heap before
{Heap before GC invocations=48 (full 0):
 garbage-first heap   total 126976K, used 111921K [0x000000008a600000, 0x0000000100000000)
  region size 1024K, 42 young (43008K), 6 survivors (6144K)
 Metaspace       used 81587K, committed 82368K, reserved 1179648K
  class space    used 11648K, committed 11968K, reserved 1048576K
}
Event: 31.536 GC heap after
{Heap after GC invocations=49 (full 0):
 garbage-first heap   total 126976K, used 77927K [0x000000008a600000, 0x0000000100000000)
  region size 1024K, 3 young (3072K), 3 survivors (3072K)
 Metaspace       used 81587K, committed 82368K, reserved 1179648K
  class space    used 11648K, committed 11968K, reserved 1048576K
}
Event: 32.023 GC heap before
{Heap before GC invocations=49 (full 0):
 garbage-first heap   total 126976K, used 115815K [0x000000008a600000, 0x0000000100000000)
  region size 1024K, 40 young (40960K), 3 survivors (3072K)
 Metaspace       used 82303K, committed 83072K, reserved 1179648K
  class space    used 11697K, committed 12032K, reserved 1048576K
}
Event: 32.030 GC heap after
{Heap after GC invocations=50 (full 0):
 garbage-first heap   total 126976K, used 79342K [0x000000008a600000, 0x0000000100000000)
  region size 1024K, 5 young (5120K), 5 survivors (5120K)
 Metaspace       used 82303K, committed 83072K, reserved 1179648K
  class space    used 11697K, committed 12032K, reserved 1048576K
}
Event: 32.259 GC heap before
{Heap before GC invocations=50 (full 0):
 garbage-first heap   total 126976K, used 114158K [0x000000008a600000, 0x0000000100000000)
  region size 1024K, 39 young (39936K), 5 survivors (5120K)
 Metaspace       used 82572K, committed 83328K, reserved 1179648K
  class space    used 11714K, committed 12032K, reserved 1048576K
}
Event: 32.270 GC heap after
{Heap after GC invocations=51 (full 0):
 garbage-first heap   total 157696K, used 88902K [0x000000008a600000, 0x0000000100000000)
  region size 1024K, 5 young (5120K), 5 survivors (5120K)
 Metaspace       used 82572K, committed 83328K, reserved 1179648K
  class space    used 11714K, committed 12032K, reserved 1048576K
}
Event: 32.527 GC heap before
{Heap before GC invocations=52 (full 0):
 garbage-first heap   total 157696K, used 134982K [0x000000008a600000, 0x0000000100000000)
  region size 1024K, 54 young (55296K), 5 survivors (5120K)
 Metaspace       used 82570K, committed 83328K, reserved 1179648K
  class space    used 11714K, committed 12032K, reserved 1048576K
}
Event: 32.541 GC heap after
{Heap after GC invocations=53 (full 0):
 garbage-first heap   total 157696K, used 101376K [0x000000008a600000, 0x0000000100000000)
  region size 1024K, 7 young (7168K), 7 survivors (7168K)
 Metaspace       used 82570K, committed 83328K, reserved 1179648K
  class space    used 11714K, committed 12032K, reserved 1048576K
}
Event: 32.752 GC heap before
{Heap before GC invocations=53 (full 0):
 garbage-first heap   total 157696K, used 136192K [0x000000008a600000, 0x0000000100000000)
  region size 1024K, 41 young (41984K), 7 survivors (7168K)
 Metaspace       used 82570K, committed 83328K, reserved 1179648K
  class space    used 11714K, committed 12032K, reserved 1048576K
}
Event: 32.768 GC heap after
{Heap after GC invocations=54 (full 0):
 garbage-first heap   total 159744K, used 113664K [0x000000008a600000, 0x0000000100000000)
  region size 1024K, 6 young (6144K), 6 survivors (6144K)
 Metaspace       used 82570K, committed 83328K, reserved 1179648K
  class space    used 11714K, committed 12032K, reserved 1048576K
}
Event: 32.874 GC heap before
{Heap before GC invocations=54 (full 0):
 garbage-first heap   total 159744K, used 132096K [0x000000008a600000, 0x0000000100000000)
  region size 1024K, 25 young (25600K), 6 survivors (6144K)
 Metaspace       used 82570K, committed 83328K, reserved 1179648K
  class space    used 11714K, committed 12032K, reserved 1048576K
}
Event: 32.884 GC heap after
{Heap after GC invocations=55 (full 0):
 garbage-first heap   total 159744K, used 122719K [0x000000008a600000, 0x0000000100000000)
  region size 1024K, 4 young (4096K), 4 survivors (4096K)
 Metaspace       used 82570K, committed 83328K, reserved 1179648K
  class space    used 11714K, committed 12032K, reserved 1048576K
}
Event: 33.036 GC heap before
{Heap before GC invocations=55 (full 0):
 garbage-first heap   total 193536K, used 135007K [0x000000008a600000, 0x0000000100000000)
  region size 1024K, 23 young (23552K), 4 survivors (4096K)
 Metaspace       used 82567K, committed 83328K, reserved 1179648K
  class space    used 11713K, committed 12032K, reserved 1048576K
}
Event: 33.046 GC heap after
{Heap after GC invocations=56 (full 0):
 garbage-first heap   total 193536K, used 123512K [0x000000008a600000, 0x0000000100000000)
  region size 1024K, 3 young (3072K), 3 survivors (3072K)
 Metaspace       used 82567K, committed 83328K, reserved 1179648K
  class space    used 11713K, committed 12032K, reserved 1048576K
}
Event: 33.429 GC heap before
{Heap before GC invocations=57 (full 0):
 garbage-first heap   total 193536K, used 162424K [0x000000008a600000, 0x0000000100000000)
  region size 1024K, 39 young (39936K), 3 survivors (3072K)
 Metaspace       used 82567K, committed 83328K, reserved 1179648K
  class space    used 11713K, committed 12032K, reserved 1048576K
}
Event: 33.444 GC heap after
{Heap after GC invocations=58 (full 0):
 garbage-first heap   total 193536K, used 141484K [0x000000008a600000, 0x0000000100000000)
  region size 1024K, 5 young (5120K), 5 survivors (5120K)
 Metaspace       used 82567K, committed 83328K, reserved 1179648K
  class space    used 11713K, committed 12032K, reserved 1048576K
}
Event: 33.622 GC heap before
{Heap before GC invocations=58 (full 0):
 garbage-first heap   total 193536K, used 167084K [0x000000008a600000, 0x0000000100000000)
  region size 1024K, 30 young (30720K), 5 survivors (5120K)
 Metaspace       used 82639K, committed 83456K, reserved 1179648K
  class space    used 11722K, committed 12096K, reserved 1048576K
}

