# JRE version: Java(TM) SE Runtime Environment (17.0.12+8) (build 17.0.12+8-LTS-286)
# Java VM: Java HotSpot(TM) 64-Bit Server VM (17.0.12+8-LTS-286, mixed mode, emulated-client, sharing, tiered, compressed oops, compressed class ptrs, g1 gc, windows-amd64)
GC Precious Log:
 CPUs: 12 total, 12 available
 Memory: 7860M
 Large Page Support: Disabled
 NUMA Support: Disabled
 Compressed Oops: Enabled (32-bit)
 Heap Region Size: 1M
 Heap Min Capacity: 8M
 Heap Initial Capacity: 124M
 Heap Max Capacity: 1966M
 Pre-touch: Disabled
 Parallel Workers: 10
 Concurrent Workers: 3
 Concurrent Refinement Workers: 10
 Periodic GC: Disabled
Heap:
 garbage-first heap   total 348160K, used 177800K [0x0000000085200000, 0x0000000100000000)
  region size 1024K, 13 young (13312K), 13 survivors (13312K)
 Metaspace       used 155059K, committed 155904K, reserved 1245184K
  class space    used 18783K, committed 19200K, reserved 1048576K
GC Heap History (20 events):
Event: 1117.645 GC heap after
{Heap after GC invocations=73 (full 1):
 garbage-first heap   total 358400K, used 198123K [0x0000000085200000, 0x0000000100000000)
  region size 1024K, 6 young (6144K), 6 survivors (6144K)
 Metaspace       used 139934K, committed 140928K, reserved 1179648K
  class space    used 17818K, committed 18304K, reserved 1048576K
}
Event: 1119.425 GC heap before
{Heap before GC invocations=73 (full 1):
 garbage-first heap   total 358400K, used 209387K [0x0000000085200000, 0x0000000100000000)
  region size 1024K, 18 young (18432K), 6 survivors (6144K)
 Metaspace       used 139936K, committed 140928K, reserved 1179648K
  class space    used 17818K, committed 18304K, reserved 1048576K
}
Event: 1120.764 GC heap after
{Heap after GC invocations=74 (full 2):
 garbage-first heap   total 348160K, used 99065K [0x0000000085200000, 0x0000000100000000)
  region size 1024K, 0 young (0K), 0 survivors (0K)
 Metaspace       used 139409K, committed 140928K, reserved 1179648K
  class space    used 17724K, committed 18304K, reserved 1048576K
}
Event: 1126.375 GC heap before
{Heap before GC invocations=74 (full 2):
 garbage-first heap   total 348160K, used 283385K [0x0000000085200000, 0x0000000100000000)
  region size 1024K, 181 young (185344K), 0 survivors (0K)
 Metaspace       used 144827K, committed 145664K, reserved 1179648K
  class space    used 18088K, committed 18496K, reserved 1048576K
}
Event: 1126.422 GC heap after
{Heap after GC invocations=75 (full 2):
 garbage-first heap   total 348160K, used 113955K [0x0000000085200000, 0x0000000100000000)
  region size 1024K, 15 young (15360K), 15 survivors (15360K)
 Metaspace       used 144827K, committed 145664K, reserved 1179648K
  class space    used 18088K, committed 18496K, reserved 1048576K
}
Event: 1128.649 GC heap before
{Heap before GC invocations=75 (full 2):
 garbage-first heap   total 348160K, used 280867K [0x0000000085200000, 0x0000000100000000)
  region size 1024K, 178 young (182272K), 15 survivors (15360K)
 Metaspace       used 145080K, committed 145856K, reserved 1179648K
  class space    used 18132K, committed 18496K, reserved 1048576K
}
Event: 1128.694 GC heap after
{Heap after GC invocations=76 (full 2):
 garbage-first heap   total 348160K, used 125174K [0x0000000085200000, 0x0000000100000000)
  region size 1024K, 12 young (12288K), 12 survivors (12288K)
 Metaspace       used 145080K, committed 145856K, reserved 1179648K
  class space    used 18132K, committed 18496K, reserved 1048576K
}
Event: 1129.500 GC heap before
{Heap before GC invocations=76 (full 2):
 garbage-first heap   total 348160K, used 279798K [0x0000000085200000, 0x0000000100000000)
  region size 1024K, 163 young (166912K), 12 survivors (12288K)
 Metaspace       used 146099K, committed 146880K, reserved 1179648K
  class space    used 18251K, committed 18624K, reserved 1048576K
}
Event: 1129.514 GC heap after
{Heap after GC invocations=77 (full 2):
 garbage-first heap   total 348160K, used 126896K [0x0000000085200000, 0x0000000100000000)
  region size 1024K, 14 young (14336K), 14 survivors (14336K)
 Metaspace       used 146099K, committed 146880K, reserved 1179648K
  class space    used 18251K, committed 18624K, reserved 1048576K
}
Event: 1130.381 GC heap before
{Heap before GC invocations=77 (full 2):
 garbage-first heap   total 348160K, used 284592K [0x0000000085200000, 0x0000000100000000)
  region size 1024K, 168 young (172032K), 14 survivors (14336K)
 Metaspace       used 147118K, committed 147968K, reserved 1179648K
  class space    used 18363K, committed 18752K, reserved 1048576K
}
Event: 1130.417 GC heap after
{Heap after GC invocations=78 (full 2):
 garbage-first heap   total 348160K, used 131425K [0x0000000085200000, 0x0000000100000000)
  region size 1024K, 7 young (7168K), 7 survivors (7168K)
 Metaspace       used 147118K, committed 147968K, reserved 1179648K
  class space    used 18363K, committed 18752K, reserved 1048576K
}
Event: 1139.664 GC heap before
{Heap before GC invocations=78 (full 2):
 garbage-first heap   total 348160K, used 287073K [0x0000000085200000, 0x0000000100000000)
  region size 1024K, 159 young (162816K), 7 survivors (7168K)
 Metaspace       used 147663K, committed 148544K, reserved 1179648K
  class space    used 18395K, committed 18816K, reserved 1048576K
}
Event: 1139.690 GC heap after
{Heap after GC invocations=79 (full 2):
 garbage-first heap   total 348160K, used 149067K [0x0000000085200000, 0x0000000100000000)
  region size 1024K, 20 young (20480K), 20 survivors (20480K)
 Metaspace       used 147663K, committed 148544K, reserved 1179648K
  class space    used 18395K, committed 18816K, reserved 1048576K
}
Event: 1140.895 GC heap before
{Heap before GC invocations=79 (full 2):
 garbage-first heap   total 348160K, used 286283K [0x0000000085200000, 0x0000000100000000)
  region size 1024K, 154 young (157696K), 20 survivors (20480K)
 Metaspace       used 149122K, committed 149952K, reserved 1245184K
  class space    used 18479K, committed 18880K, reserved 1048576K
}
Event: 1140.930 GC heap after
{Heap after GC invocations=80 (full 2):
 garbage-first heap   total 348160K, used 158646K [0x0000000085200000, 0x0000000100000000)
  region size 1024K, 9 young (9216K), 9 survivors (9216K)
 Metaspace       used 149122K, committed 149952K, reserved 1245184K
  class space    used 18479K, committed 18880K, reserved 1048576K
}
Event: 1142.102 GC heap before
{Heap before GC invocations=80 (full 2):
 garbage-first heap   total 348160K, used 286646K [0x0000000085200000, 0x0000000100000000)
  region size 1024K, 134 young (137216K), 9 survivors (9216K)
 Metaspace       used 150711K, committed 151616K, reserved 1245184K
  class space    used 18563K, committed 19008K, reserved 1048576K
}
Event: 1142.119 GC heap after
{Heap after GC invocations=81 (full 2):
 garbage-first heap   total 348160K, used 164994K [0x0000000085200000, 0x0000000100000000)
  region size 1024K, 16 young (16384K), 16 survivors (16384K)
 Metaspace       used 150711K, committed 151616K, reserved 1245184K
  class space    used 18563K, committed 19008K, reserved 1048576K
}
Event: 1143.366 GC heap before
{Heap before GC invocations=81 (full 2):
 garbage-first heap   total 348160K, used 286850K [0x0000000085200000, 0x0000000100000000)
  region size 1024K, 135 young (138240K), 16 survivors (16384K)
 Metaspace       used 152610K, committed 153472K, reserved 1245184K
  class space    used 18660K, committed 19072K, reserved 1048576K
}
Event: 1143.412 GC heap after
{Heap after GC invocations=82 (full 2):
 garbage-first heap   total 348160K, used 171863K [0x0000000085200000, 0x0000000100000000)
  region size 1024K, 14 young (14336K), 14 survivors (14336K)
 Metaspace       used 152610K, committed 153472K, reserved 1245184K
  class space    used 18660K, committed 19072K, reserved 1048576K
}
Event: 1144.477 GC heap before
{Heap before GC invocations=82 (full 2):
 garbage-first heap   total 348160K, used 288599K [0x0000000085200000, 0x0000000100000000)
  region size 1024K, 128 young (131072K), 14 survivors (14336K)
 Metaspace       used 155059K, committed 155904K, reserved 1245184K
  class space    used 18783K, committed 19200K, reserved 1048576K
}

